C:\ag\mds\HandlerBulkAdd.js
C:\ag\mds\client\sample-post-update.py
C:\ag\mds\client\sample-post-query.py
C:\ag\mds\client\send_es_to_mds.py
C:\ag\mds\client\produce_es_mds_query_list.py
C:\ag\log\util.py
C:\ag\mds\client\random_key_perf_test.py
C:\ag\mds\start_mds_server_9839.bat
C:\ag\mds\start_mds_server_all.bat
C:\ag\mds\client\random_key_test_9848.bat
C:\ag\mds\start_mds_server_9848.bat
C:\ag\mds\start_mds_server_9847.bat
C:\ag\mds\start_mds_server_9846.bat
C:\ag\mds\start_mds_server_9845.bat
C:\ag\mds\start_mds_server_9844.bat
C:\ag\mds\start_mds_server_9843.bat
C:\ag\mds\start_mds_server_9842.bat
C:\ag\mds\start_mds_server_9841.bat
C:\ag\mds\start_mds_server_9840.bat
C:\ag\mds\client\random_key_test_9847.bat
C:\ag\mds\client\random_key_test_9846.bat
